[    0.000000] Initializing cgroup subsys cpuset
[    0.000000] Initializing cgroup subsys cpu
[    0.000000] Initializing cgroup subsys cpuacct
[    0.000000] Linux version 4.4.0-210-generic (buildd@lgw01-amd64-009) (gcc version 5.4.0 20160609 (Ubuntu 5.4.0-6ubuntu1~16.04.12) ) #242-Ubuntu SMP Fri Apr 16 09:57:56 UTC 2021 (Ubuntu 4.4.0-210.242-generic 4.4.262)
[    0.000000] Command line: BOOT_IMAGE=/boot/vmlinuz-4.4.0-210-generic root=LABEL=cloudimg-rootfs ro console=tty1 console=ttyS0
[    0.000000] KERNEL supported cpus:
[    0.000000]   Intel GenuineIntel
[    0.000000]   AMD AuthenticAMD
[    0.000000]   Centaur CentaurHauls
[    0.000000] x86/fpu: Legacy x87 FPU detected.
[    0.000000] e820: BIOS-provided physical RAM map:
[    0.000000] BIOS-e820: [mem 0x0000000000000000-0x000000000009fbff] usable
[    0.000000] BIOS-e820: [mem 0x000000000009fc00-0x000000000009ffff] reserved
[    0.000000] BIOS-e820: [mem 0x00000000000f0000-0x00000000000fffff] reserved
[    0.000000] BIOS-e820: [mem 0x0000000000100000-0x000000003ffeffff] usable
[    0.000000] BIOS-e820: [mem 0x000000003fff0000-0x000000003fffffff] ACPI data
[    0.000000] BIOS-e820: [mem 0x00000000fec00000-0x00000000fec00fff] reserved
[    0.000000] BIOS-e820: [mem 0x00000000fee00000-0x00000000fee00fff] reserved
[    0.000000] BIOS-e820: [mem 0x00000000fffc0000-0x00000000ffffffff] reserved
[    0.000000] NX (Execute Disable) protection: active
[    0.000000] SMBIOS 2.5 present.
[    0.000000] Hypervisor detected: KVM
[    0.000000] Kernel/User page tables isolation: disabled
[    0.000000] e820: last_pfn = 0x3fff0 max_arch_pfn = 0x400000000
[    0.000000] MTRR: Disabled
[    0.000000] x86/PAT: MTRRs disabled, skipping PAT initialization too.
[    0.000000] CPU MTRRs all blank - virtualized system.
[    0.000000] x86/PAT: Configuration [0-7]: WB  WT  UC- UC  WB  WT  UC- UC  
[    0.000000] found SMP MP-table at [mem 0x0009fff0-0x0009ffff] mapped at [ffff88000009fff0]
[    0.000000] Scanning 1 areas for low memory corruption
[    0.000000] RAMDISK: [mem 0x362dc000-0x37165fff]
[    0.000000] ACPI: Early table checksum verification disabled
[    0.000000] ACPI: RSDP 0x00000000000E0000 000024 (v02 VBOX  )
[    0.000000] ACPI: XSDT 0x000000003FFF0030 00003C (v01 VBOX   VBOXXSDT 00000001 ASL  00000061)
[    0.000000] ACPI: FACP 0x000000003FFF00F0 0000F4 (v04 VBOX   VBOXFACP 00000001 ASL  00000061)
[    0.000000] ACPI: DSDT 0x000000003FFF0470 002325 (v02 VBOX   VBOXBIOS 00000002 INTL 20100528)
[    0.000000] ACPI: FACS 0x000000003FFF0200 000040
[    0.000000] ACPI: FACS 0x000000003FFF0200 000040
[    0.000000] ACPI: APIC 0x000000003FFF0240 00005C (v02 VBOX   VBOXAPIC 00000001 ASL  00000061)
[    0.000000] ACPI: SSDT 0x000000003FFF02A0 0001CC (v01 VBOX   VBOXCPUT 00000002 INTL 20100528)
[    0.000000] No NUMA configuration found
[    0.000000] Faking a node at [mem 0x0000000000000000-0x000000003ffeffff]
[    0.000000] NODE_DATA(0) allocated [mem 0x3ffeb000-0x3ffeffff]
[    0.000000] kvm-clock: Using msrs 4b564d01 and 4b564d00
[    0.000000] kvm-clock: cpu 0, msr 0:3ffe3001, primary cpu clock
[    0.000000] kvm-clock: using sched offset of 3457720176 cycles
[    0.000000] clocksource: kvm-clock: mask: 0xffffffffffffffff max_cycles: 0x1cd42e4dffb, max_idle_ns: 881590591483 ns
[    0.000000] Zone ranges:
[    0.000000]   DMA      [mem 0x0000000000001000-0x0000000000ffffff]
[    0.000000]   DMA32    [mem 0x0000000001000000-0x000000003ffeffff]
[    0.000000]   Normal   empty
[    0.000000]   Device   empty
[    0.000000] Movable zone start for each node
[    0.000000] Early memory node ranges
[    0.000000]   node   0: [mem 0x0000000000001000-0x000000000009efff]
[    0.000000]   node   0: [mem 0x0000000000100000-0x000000003ffeffff]
[    0.000000] Initmem setup node 0 [mem 0x0000000000001000-0x000000003ffeffff]
[    0.000000] ACPI: PM-Timer IO Port: 0x4008
[    0.000000] IOAPIC[0]: apic_id 2, version 32, address 0xfec00000, GSI 0-23
[    0.000000] ACPI: INT_SRC_OVR (bus 0 bus_irq 0 global_irq 2 dfl dfl)
[    0.000000] ACPI: INT_SRC_OVR (bus 0 bus_irq 9 global_irq 9 low level)
[    0.000000] Using ACPI (MADT) for SMP configuration information
[    0.000000] smpboot: Allowing 2 CPUs, 0 hotplug CPUs
[    0.000000] PM: Registered nosave memory: [mem 0x00000000-0x00000fff]
[    0.000000] PM: Registered nosave memory: [mem 0x0009f000-0x0009ffff]
[    0.000000] PM: Registered nosave memory: [mem 0x000a0000-0x000effff]
[    0.000000] PM: Registered nosave memory: [mem 0x000f0000-0x000fffff]
[    0.000000] e820: [mem 0x40000000-0xfebfffff] available for PCI devices
[    0.000000] Booting paravirtualized kernel on KVM
[    0.000000] clocksource: refined-jiffies: mask: 0xffffffff max_cycles: 0xffffffff, max_idle_ns: 7645519600211568 ns
[    0.000000] setup_percpu: NR_CPUS:512 nr_cpumask_bits:512 nr_cpu_ids:2 nr_node_ids:1
[    0.000000] PERCPU: Embedded 33 pages/cpu @ffff88003fc00000 s95192 r8192 d31784 u1048576
[    0.000000] Built 1 zonelists in Node order, mobility grouping on.  Total pages: 257912
[    0.000000] Policy zone: DMA32
[    0.000000] Kernel command line: BOOT_IMAGE=/boot/vmlinuz-4.4.0-210-generic root=LABEL=cloudimg-rootfs ro console=tty1 console=ttyS0
[    0.000000] PID hash table entries: 4096 (order: 3, 32768 bytes)
[    0.000000] Memory: 997792K/1048120K available (8644K kernel code, 1332K rwdata, 4044K rodata, 1492K init, 1164K bss, 50328K reserved, 0K cma-reserved)
[    0.000000] SLUB: HWalign=64, Order=0-3, MinObjects=0, CPUs=2, Nodes=1
[    0.000000] Hierarchical RCU implementation.
[    0.000000] 	Build-time adjustment of leaf fanout to 64.
[    0.000000] 	RCU restricting CPUs from NR_CPUS=512 to nr_cpu_ids=2.
[    0.000000] RCU: Adjusting geometry for rcu_fanout_leaf=64, nr_cpu_ids=2
[    0.000000] NR_IRQS:33024 nr_irqs:440 16
[    0.000000] Console: colour VGA+ 80x25
[    0.000000] console [tty1] enabled
[    0.000000] console [ttyS0] enabled
[    0.000000] tsc: Detected 3792.010 MHz processor
[    0.412407] Calibrating delay loop (skipped) preset value.. 7584.02 BogoMIPS (lpj=15168040)
[    0.417609] pid_max: default: 32768 minimum: 301
[    0.420399] ACPI: Core revision 20150930
[    0.423538] ACPI: 2 ACPI AML tables successfully acquired and loaded
[    0.428284] Security Framework initialized
[    0.430868] Yama: becoming mindful.
[    0.433830] AppArmor: AppArmor initialized
[    0.436593] Dentry cache hash table entries: 131072 (order: 8, 1048576 bytes)
[    0.443089] Inode-cache hash table entries: 65536 (order: 7, 524288 bytes)
[    0.451744] Mount-cache hash table entries: 2048 (order: 2, 16384 bytes)
[    0.456350] Mountpoint-cache hash table entries: 2048 (order: 2, 16384 bytes)
[    0.461805] Initializing cgroup subsys io
[    0.464545] Initializing cgroup subsys memory
[    0.467370] Initializing cgroup subsys devices
[    0.470225] Initializing cgroup subsys freezer
[    0.474340] Initializing cgroup subsys net_cls
[    0.478632] Initializing cgroup subsys perf_event
[    0.481565] Initializing cgroup subsys net_prio
[    0.485344] Initializing cgroup subsys hugetlb
[    0.488617] Initializing cgroup subsys pids
[    0.492046] mce: CPU supports 0 MCE banks
[    0.494810] Last level iTLB entries: 4KB 64, 2MB 8, 4MB 8
[    0.499927] Last level dTLB entries: 4KB 64, 2MB 0, 4MB 0, 1GB 4
[    0.503560] Spectre V1 : Mitigation: usercopy/swapgs barriers and __user pointer sanitization
[    0.508875] Spectre V2 : Mitigation: Enhanced IBRS
[    0.512682] Spectre V2 : Spectre v2 / SpectreRSB mitigation: Filling RSB on context switch
[    0.519482] Speculative Store Bypass: Vulnerable
[    0.546878] Freeing SMP alternatives memory: 36K
[    0.603199] ftrace: allocating 32380 entries in 127 pages
[    0.972659] smpboot: APIC(0) Converting physical 0 to logical package 0
[    0.978542] smpboot: Max logical packages: 1
[    0.990414] ..TIMER: vector=0x30 apic1=0 pin1=2 apic2=-1 pin2=-1
[    1.102698] smpboot: CPU0: Intel(R) Core(TM) i7-10700KF CPU @ 3.80GHz (family: 0x6, model: 0xa5, stepping: 0x5)
[    1.109196] Performance Events: unsupported p6 CPU model 165 no PMU driver, software events only.
[    1.172430] KVM setup paravirtual spinlock
[    1.176724] x86: Booting SMP configuration:
[    1.179280] .... node  #0, CPUs:      #1
[    1.182742] kvm-clock: cpu 1, msr 0:3ffe3041, secondary cpu clock
[    1.185917] mce: CPU supports 0 MCE banks
[    1.189338] TSC synchronization [CPU#0 -> CPU#1]:
[    1.192296] Measured 70404 cycles TSC warp between CPUs, turning off TSC clock.
[    1.196780] tsc: Marking TSC unstable due to check_tsc_sync_source failed
[    0.390406] x86: Booted up 1 node, 2 CPUs
[    0.392002] smpboot: Total of 2 processors activated (15168.04 BogoMIPS)
[    0.397497] devtmpfs: initialized
[    0.401581] evm: security.selinux
[    0.404003] evm: security.SMACK64
[    0.406063] evm: security.SMACK64EXEC
[    0.408002] evm: security.SMACK64TRANSMUTE
[    0.412002] evm: security.SMACK64MMAP
[    0.414281] evm: security.ima
[    0.416002] evm: security.capability
[    0.420182] clocksource: jiffies: mask: 0xffffffff max_cycles: 0xffffffff, max_idle_ns: 7645041785100000 ns
[    0.424007] futex hash table entries: 512 (order: 3, 32768 bytes)
[    0.428256] pinctrl core: initialized pinctrl subsystem
[    0.432279] RTC time: 14:46:16, date: 01/16/23
[    0.436706] NET: Registered protocol family 16
[    0.452008] cpuidle: using governor ladder
[    0.464006] cpuidle: using governor menu
[    0.466418] PCCT header not found.
[    0.468076] ACPI: bus type PCI registered
[    0.470645] acpiphp: ACPI Hot Plug PCI Controller Driver version: 0.5
[    0.472310] PCI: Using configuration type 1 for base access
[    0.496159] ACPI: Added _OSI(Module Device)
[    0.498671] ACPI: Added _OSI(Processor Device)
[    0.500002] ACPI: Added _OSI(3.0 _SCP Extensions)
[    0.504002] ACPI: Added _OSI(Processor Aggregator Device)
[    0.508815] ACPI: Executed 1 blocks of module-level executable AML code
[    0.516373] ACPI: Interpreter enabled
[    0.518570] ACPI: (supports S0 S5)
[    0.520002] ACPI: Using IOAPIC for interrupt routing
[    0.524179] PCI: Using host bridge windows from ACPI; if necessary, use "pci=nocrs" and report a bug
[    0.535129] ACPI: PCI Root Bridge [PCI0] (domain 0000 [bus 00-ff])
[    0.536005] acpi PNP0A03:00: _OSC: OS supports [ASPM ClockPM Segments MSI]
[    0.540516] acpi PNP0A03:00: _OSC: not requesting OS control; OS requires [ExtendedConfig ASPM ClockPM MSI]
[    0.544009] acpi PNP0A03:00: fail to add MMCONFIG information, can't access extended PCI configuration space under this bridge.
[    0.548510] PCI host bridge to bus 0000:00
[    0.550929] pci_bus 0000:00: root bus resource [io  0x0000-0x0cf7 window]
[    0.552004] pci_bus 0000:00: root bus resource [io  0x0d00-0xffff window]
[    0.556002] pci_bus 0000:00: root bus resource [mem 0x000a0000-0x000bffff window]
[    0.560002] pci_bus 0000:00: root bus resource [mem 0x40000000-0xfdffffff window]
[    0.564003] pci_bus 0000:00: root bus resource [bus 00-ff]
[    0.573005] pci 0000:00:01.1: legacy IDE quirk: reg 0x10: [io  0x01f0-0x01f7]
[    0.576003] pci 0000:00:01.1: legacy IDE quirk: reg 0x14: [io  0x03f6]
[    0.580003] pci 0000:00:01.1: legacy IDE quirk: reg 0x18: [io  0x0170-0x0177]
[    0.584002] pci 0000:00:01.1: legacy IDE quirk: reg 0x1c: [io  0x0376]
[    0.600606] pci 0000:00:07.0: quirk: [io  0x4000-0x403f] claimed by PIIX4 ACPI
[    0.604028] pci 0000:00:07.0: quirk: [io  0x4100-0x410f] claimed by PIIX4 SMB
[    0.613571] ACPI: PCI Interrupt Link [LNKA] (IRQs 5 9 10 *11)
[    0.617329] ACPI: PCI Interrupt Link [LNKB] (IRQs 5 9 *10 11)
[    0.624148] ACPI: PCI Interrupt Link [LNKC] (IRQs 5 *9 10 11)
[    0.629414] ACPI: PCI Interrupt Link [LNKD] (IRQs 5 9 10 *11)
[    0.634340] ACPI: Enabled 2 GPEs in block 00 to 07
[    0.636158] vgaarb: setting as boot device: PCI:0000:00:02.0
[    0.639348] vgaarb: device added: PCI:0000:00:02.0,decodes=io+mem,owns=io+mem,locks=none
[    0.640005] vgaarb: loaded
[    0.644002] vgaarb: bridge control possible 0000:00:02.0
[    0.648142] SCSI subsystem initialized
[    0.650606] ACPI: bus type USB registered
[    0.652029] usbcore: registered new interface driver usbfs
[    0.656022] usbcore: registered new interface driver hub
[    0.660014] usbcore: registered new device driver usb
[    0.664345] PCI: Using ACPI for IRQ routing
[    0.668008] NetLabel: Initializing
[    0.670199] NetLabel:  domain hash size = 128
[    0.672001] NetLabel:  protocols = UNLABELED CIPSOv4
[    0.676016] NetLabel:  unlabeled traffic allowed by default
[    0.680054] amd_nb: Cannot enumerate AMD northbridges
[    0.683250] clocksource: Switched to clocksource kvm-clock
[    0.701038] AppArmor: AppArmor Filesystem Enabled
[    0.703814] pnp: PnP ACPI init
[    0.706745] pnp: PnP ACPI: found 3 devices
[    0.738768] clocksource: acpi_pm: mask: 0xffffff max_cycles: 0xffffff, max_idle_ns: 2085701024 ns
[    0.740278] NET: Registered protocol family 2
[    0.747208] TCP established hash table entries: 8192 (order: 4, 65536 bytes)
[    0.750794] TCP bind hash table entries: 8192 (order: 5, 131072 bytes)
[    0.750794] TCP: Hash tables configured (established 8192 bind 8192)
[    0.750794] UDP hash table entries: 512 (order: 2, 16384 bytes)
[    0.750794] UDP-Lite hash table entries: 512 (order: 2, 16384 bytes)
[    0.750794] NET: Registered protocol family 1
[    0.750794] pci 0000:00:00.0: Limiting direct PCI/PCI transfers
[    0.750794] pci 0000:00:01.0: Activating ISA DMA hang workarounds
[    0.750794] Unpacking initramfs...
[    0.750794] Freeing initrd memory: 14888K
[    0.750794] clocksource: tsc: mask: 0xffffffffffffffff max_cycles: 0x6d51b950bb2, max_idle_ns: 881591049689 ns
[    0.750794] platform rtc_cmos: registered platform RTC device (no PNP device found)
[    0.750794] Scanning for low memory corruption every 60 seconds
[    1.046642] audit: initializing netlink subsys (disabled)
[    1.050024] audit: type=2000 audit(1673880381.659:1): initialized
[    1.054113] Initialise system trusted keyring
[    1.057771] HugeTLB registered 2 MB page size, pre-allocated 0 pages
[    1.062947] zbud: loaded
[    1.065411] VFS: Disk quotas dquot_6.6.0
[    1.068027] VFS: Dquot-cache hash table entries: 512 (order 0, 4096 bytes)
[    1.072494] squashfs: version 4.0 (2009/01/31) Phillip Lougher
[    1.076581] fuse init (API version 7.23)
[    1.079501] Key type big_key registered
[    1.081982] Allocating IMA MOK and blacklist keyrings.
[    1.094177] Key type asymmetric registered
[    1.097136] Asymmetric key parser 'x509' registered
[    1.100790] Block layer SCSI generic (bsg) driver version 0.4 loaded (major 249)
[    1.105966] io scheduler noop registered
[    1.108458] io scheduler deadline registered (default)
[    1.111444] io scheduler cfq registered
[    1.114133] pci_hotplug: PCI Hot Plug PCI Core version: 0.5
[    1.118133] pciehp: PCI Express Hot Plug Controller Driver version: 0.4
[    1.122491] ACPI: AC Adapter [AC] (on-line)
[    1.124924] input: Power Button as /devices/LNXSYSTM:00/LNXPWRBN:00/input/input0
[    1.126303] ACPI: Power Button [PWRF]
[    1.126303] input: Sleep Button as /devices/LNXSYSTM:00/LNXSLPBN:00/input/input1
[    1.126303] ACPI: Sleep Button [SLPF]
[    1.138987] GHES: HEST is not enabled!
[    1.141816] Serial: 8250/16550 driver, 32 ports, IRQ sharing enabled
[    1.169608] 00:02: ttyS0 at I/O 0x3f8 (irq = 4, base_baud = 115200) is a 16550A
[    1.186693] Linux agpgart interface v0.103
[    1.198477] loop: module loaded
[    1.202758] scsi host0: ata_piix
[    1.205696] scsi host1: ata_piix
[    1.207734] ata1: PATA max UDMA/33 cmd 0x1f0 ctl 0x3f6 bmdma 0xd000 irq 14
[    1.212083] ata2: PATA max UDMA/33 cmd 0x170 ctl 0x376 bmdma 0xd008 irq 15
[    1.216438] libphy: Fixed MDIO Bus: probed
[    1.219001] tun: Universal TUN/TAP device driver, 1.6
[    1.221994] tun: (C) 1999-2004 Max Krasnyansky <maxk@qualcomm.com>
[    1.225922] PPP generic driver version 2.4.2
[    1.228963] ehci_hcd: USB 2.0 'Enhanced' Host Controller (EHCI) Driver
[    1.232975] ehci-pci: EHCI PCI platform driver
[    1.235617] ehci-platform: EHCI generic platform driver
[    1.238825] ohci_hcd: USB 1.1 'Open' Host Controller (OHCI) Driver
[    1.242242] ohci-pci: OHCI PCI platform driver
[    1.242770] ohci-platform: OHCI generic platform driver
[    1.242770] uhci_hcd: USB Universal Host Controller Interface driver
[    1.242770] i8042: PNP: PS/2 Controller [PNP0303:PS2K,PNP0f03:PS2M] at 0x60,0x64 irq 1,12
[    1.259108] serio: i8042 KBD port at 0x60,0x64 irq 1
[    1.262168] serio: i8042 AUX port at 0x60,0x64 irq 12
[    1.265855] mousedev: PS/2 mouse device common for all mice
[    1.272365] rtc_cmos rtc_cmos: rtc core: registered rtc_cmos as rtc0
[    1.276855] input: AT Translated Set 2 keyboard as /devices/platform/i8042/serio0/input/input2
[    1.282030] rtc_cmos rtc_cmos: alarms up to one day, 114 bytes nvram
[    1.286153] i2c /dev entries driver
[    1.288692] device-mapper: uevent: version 1.0.3
[    1.292248] device-mapper: ioctl: 4.34.0-ioctl (2015-10-28) initialised: dm-devel@redhat.com
[    1.297399] ledtrig-cpu: registered to indicate activity on CPUs
[    1.302761] NET: Registered protocol family 10
[    1.305938] NET: Registered protocol family 17
[    1.308727] Key type dns_resolver registered
[    1.312655] registered taskstats version 1
[    1.315153] Loading compiled-in X.509 certificates
[    1.318599] Loaded X.509 cert 'Build time autogenerated kernel key: cf00e047681d67edb2720680708b7d9498083038'
[    1.324651] zswap: loaded using pool lzo/zbud
[    1.330335] Key type trusted registered
[    1.337824] Key type encrypted registered
[    1.340615] AppArmor: AppArmor sha1 policy hashing enabled
[    1.343871] ima: No TPM chip found, activating TPM-bypass!
[    1.347098] ima: Allocated hash algorithm: sha1
[    1.349855] evm: HMAC attrs: 0x1
[    1.352797]   Magic number: 7:890:788
[    1.355357] rtc_cmos rtc_cmos: setting system clock to 2023-01-16 14:46:17 UTC (1673880377)
[    1.360866] BIOS EDD facility v0.16 2004-Jun-25, 0 devices found
[    1.364281] EDD information not available.
[    1.417057] Freeing unused kernel memory: 1492K
[    1.419914] Write protecting the kernel read-only data: 14336k
[    1.424211] Freeing unused kernel memory: 1584K
[    1.427114] Freeing unused kernel memory: 52K
Loading, please wait...
starting version 229
[    1.446912] random: systemd-udevd: uninitialized urandom read (16 bytes read, 5 bits of entropy available)
[    1.447477] random: udevadm: uninitialized urandom read (16 bytes read, 5 bits of entropy available)
[    1.447486] random: udevadm: uninitialized urandom read (16 bytes read, 5 bits of entropy available)
[    1.454747] random: udevadm: uninitialized urandom read (16 bytes read, 5 bits of entropy available)
[    1.454768] random: udevadm: uninitialized urandom read (16 bytes read, 5 bits of entropy available)
[    1.454871] random: udevadm: uninitialized urandom read (16 bytes read, 5 bits of entropy available)
[    1.454895] random: udevadm: uninitialized urandom read (16 bytes read, 5 bits of entropy available)
[    1.454970] random: udevadm: uninitialized urandom read (16 bytes read, 5 bits of entropy available)
[    1.454997] random: udevadm: uninitialized urandom read (16 bytes read, 5 bits of entropy available)
[    1.455020] random: udevadm: uninitialized urandom read (16 bytes read, 5 bits of entropy available)
[    1.529457] e1000: Intel(R) PRO/1000 Network Driver - version 7.3.21-k8-NAPI
[    1.535740] e1000: Copyright (c) 1999-2006 Intel Corporation.
[    1.553975] Fusion MPT base driver 3.04.20
[    1.559115] Copyright (c) 1999-2008 LSI Corporation
[    1.577832] Fusion MPT SPI Host driver 3.04.20
[    1.807393] input: ImExPS/2 Generic Explorer Mouse as /devices/platform/i8042/serio1/input/input4
[    2.124279] e1000 0000:00:03.0 eth0: (PCI:33MHz:32-bit) 02:be:82:6b:cc:1d
[    2.128970] e1000 0000:00:03.0 eth0: Intel(R) PRO/1000 Network Connection
[    2.135572] mptbase: ioc0: Initiating bringup
[    2.201957] ioc0: LSI53C1030 A0: Capabilities={Initiator}
[    2.373475] scsi host2: ioc0: LSI53C1030 A0, FwRev=00000000h, Ports=1, MaxQ=256, IRQ=20
[    2.493305] scsi 2:0:0:0: Direct-Access     VBOX     HARDDISK         1.0  PQ: 0 ANSI: 5
[    2.498617] scsi target2:0:0: Beginning Domain Validation
[    2.506283] scsi target2:0:0: Domain Validation skipping write tests
[    2.510062] scsi target2:0:0: Ending Domain Validation
[    2.513574] scsi target2:0:0: asynchronous
[    2.518114] scsi 2:0:1:0: Direct-Access     VBOX     HARDDISK         1.0  PQ: 0 ANSI: 5
[    2.523260] scsi target2:0:1: Beginning Domain Validation
[    2.532538] scsi target2:0:1: Domain Validation skipping write tests
[    2.537050] scsi target2:0:1: Ending Domain Validation
[    2.540459] scsi target2:0:1: asynchronous
[    2.560839] sd 2:0:0:0: Attached scsi generic sg0 type 0
[    2.564329] sd 2:0:0:0: [sda] 83886080 512-byte logical blocks: (42.9 GB/40.0 GiB)
[    2.564807] sd 2:0:0:0: [sda] Write Protect is off
[    2.565096] sd 2:0:0:0: [sda] Incomplete mode parameter data
[    2.565096] sd 2:0:0:0: [sda] Assuming drive cache: write through
[    2.581018] sd 2:0:1:0: Attached scsi generic sg1 type 0
[    2.585576] sd 2:0:1:0: [sdb] 20480 512-byte logical blocks: (10.5 MB/10.0 MiB)
[    2.596813] sd 2:0:1:0: [sdb] Write Protect is off
[    2.601080] sd 2:0:1:0: [sdb] Incomplete mode parameter data
[    2.605083] sd 2:0:1:0: [sdb] Assuming drive cache: write through
[    2.609114]  sda: sda1
[    2.617686] sd 2:0:0:0: [sda] Attached SCSI disk
[    2.625306] sd 2:0:1:0: [sdb] Attached SCSI disk
[    3.056259] e1000 0000:00:08.0 eth1: (PCI:33MHz:32-bit) 08:00:27:b1:14:03
[    3.060500] e1000 0000:00:08.0 eth1: Intel(R) PRO/1000 Network Connection
[    3.066436] e1000 0000:00:03.0 enp0s3: renamed from eth0
[    3.080482] e1000 0000:00:08.0 enp0s8: renamed from eth1
Begin: Loading essential drivers ... [    4.540963] md: linear personality registered for level -1
[    4.548369] md: multipath personality registered for level -4
[    4.554936] md: raid0 personality registered for level 0
[    4.569526] md: raid1 personality registered for level 1
[    4.717287] raid6: sse2x1   gen() 28846 MB/s
[    6.717630] raid6: sse2x1   xor() 147540 MB/s
[    8.718266] raid6: sse2x2   gen() 301037 MB/s
[    9.781377] raid6: sse2x2   xor() 12834 MB/s
[    9.856431] raid6: sse2x4   gen() 21797 MB/s
[    9.931259] raid6: sse2x4   xor() 13322 MB/s
[    9.934118] raid6: using algorithm sse2x2 gen() 301037 MB/s
[    9.937597] raid6: .... xor() 12834 MB/s, rmw enabled
[    9.940858] raid6: using ssse3x2 recovery algorithm
[    9.946338] xor: measuring software checksum speed
[    9.988679]    prefetch64-sse: 30316.000 MB/sec
[   10.028694]    generic_sse: 24776.000 MB/sec
[   10.031607] xor: using function: prefetch64-sse (30316.000 MB/sec)
[   10.037042] async_tx: api initialized (async)
[   10.067783] md: raid6 personality registered for level 6
[   10.071425] md: raid5 personality registered for level 5
[   10.074804] md: raid4 personality registered for level 4
[   10.091163] md: raid10 personality registered for level 10
done.
Begin: Running /scripts/init-premount ... done.
Begin: Mounting root file system ... Begin: Running /scripts/local-top ... done.
Begin: Running /scripts/local-premount ... [   10.142679] Btrfs loaded
Scanning for Btrfs filesystems
done.
Warning: fsck not present, so skipping root file system
[   10.178757] EXT4-fs (sda1): mounted filesystem with ordered data mode. Opts: (null)
done.
Begin: Running /scripts/local-bottom ... done.
Begin: Running /scripts/init-bottom ... done.
[   10.292616] systemd[1]: systemd 229 running in system mode. (+PAM +AUDIT +SELINUX +IMA +APPARMOR +SMACK +SYSVINIT +UTMP +LIBCRYPTSETUP +GCRYPT +GNUTLS +ACL +XZ -LZ4 +SECCOMP +BLKID +ELFUTILS +KMOD -IDN)
[   10.302781] systemd[1]: Detected virtualization oracle.
[   10.306093] systemd[1]: Detected architecture x86-64.

Welcome to [1mUbuntu 16.04.7 LTS[0m!

[   10.314425] systemd[1]: Set hostname to <ubuntu>.
[   10.320885] systemd[1]: Initializing machine ID from random generator.
[   10.325274] systemd[1]: Installed transient /etc/machine-id file.
[   10.469282] systemd[1]: Listening on Device-mapper event daemon FIFOs.
[[0;32m  OK  [0m] Listening on Device-mapper event daemon FIFOs.
[   10.476276] systemd[1]: Created slice System Slice.
[[0;32m  OK  [0m] Created slice System Slice.
[   10.481510] systemd[1]: Set up automount Arbitrary Executable File Formats File System Automount Point.
[[0;32m  OK  [0m] Set up automount Arbitrary Executab...ats File System Automount Point.
[   10.490518] systemd[1]: Reached target User and Group Name Lookups.
[[0;32m  OK  [0m] Reached target User and Group Name Lookups.
[   10.496546] systemd[1]: Listening on LVM2 metadata daemon socket.
[[0;32m  OK  [0m] Listening on LVM2 metadata daemon socket.
[   10.502380] systemd[1]: Listening on Journal Audit Socket.
[[0;32m  OK  [0m] Listening on Journal Audit Socket.
[   10.507818] systemd[1]: Started Forward Password Requests to Wall Directory Watch.
[[0;32m  OK  [0m] Started Forward Password Requests to Wall Directory Watch.
[   10.515052] systemd[1]: Listening on /dev/initctl Compatibility Named Pipe.
[[0;32m  OK  [0m] Listening on /dev/initctl Compatibility Named Pipe.
[   10.522109] systemd[1]: Created slice system-serial\x2dgetty.slice.
[[0;32m  OK  [0m] Created slice system-serial\x2dgetty.slice.
[   10.528490] systemd[1]: Started Trigger resolvconf update for networkd DNS.
[[0;32m  OK  [0m] Started Trigger resolvconf update for networkd DNS.
[   10.534901] systemd[1]: Reached target Swap.
[[0;32m  OK  [0m] Reached target Swap.
[   10.539419] systemd[1]: Listening on udev Control Socket.
[[0;32m  OK  [0m] Listening on udev Control Socket.
[   10.544937] systemd[1]: Listening on LVM2 poll daemon socket.
[[0;32m  OK  [0m] Listening on LVM2 poll daemon socket.
[   10.550817] systemd[1]: Listening on fsck to fsckd communication Socket.
[[0;32m  OK  [0m] Listening on fsck to fsckd communication Socket.
[   10.557542] systemd[1]: Listening on Journal Socket (/dev/log).
[[0;32m  OK  [0m] Listening on Journal Socket (/dev/log).
[   10.563174] systemd[1]: Reached target System Time Synchronized.
[[0;32m  OK  [0m] Reached target System Time Synchronized.
[   10.569223] systemd[1]: Listening on Journal Socket.
[[0;32m  OK  [0m] Listening on Journal Socket.
[   10.584429] systemd[1]: Mounting POSIX Message Queue File System...
         Mounting POSIX Message Queue File System...
[   10.592163] systemd[1]: Starting Uncomplicated firewall...
         Starting Uncomplicated firewall...
[   10.598176] systemd[1]: Starting File System Check on Root Device...
         Starting File System Check on Root Device...
[   10.605722] systemd[1]: Mounting Debug File System...
         Mounting Debug File System...
[   10.611843] systemd[1]: Starting Monitoring of LVM2 mirrors, snapshots etc. using dmeventd or progress polling...
         Starting Monitoring of LVM2 mirrors... dmeventd or progress polling...
[   10.623324] systemd[1]: Starting Set console keymap...
         Starting Set console keymap...
[   10.632121] systemd[1]: Starting Load Kernel Modules...
         Starting Load Kernel Modules...
[   10.639211] systemd[1]: Starting Create list of required static device nodes for the current kernel...
         Starting Create list of required st... nodes for the current kernel...
[   10.650436] systemd[1]: Mounting Huge Pages File System...
         Mounting Huge Pages File System...
[   10.660081] systemd[1]: Listening on udev Kernel Socket.
[[0;32m  OK  [0m] Listening on udev Kernel Socket.
[   10.667585] systemd[1]: Starting Nameserver information manager...
[   10.672229] Loading iSCSI transport class v2.0-870.
         Starting Nameserver information manager...
[   10.677090] systemd[1]: Reached target Encrypted Volumes.
[[0;32m  OK  [0m] Reached target Encrypted Volumes.
[   10.682967] systemd[1]: Listening on Syslog Socket.
[[0;32m  OK  [0m] Listening on Syslog Socket.
[   10.697335] iscsi: registered transport (tcp)
[   10.704615] systemd[1]: Starting Journal Service...
         Starting Journal Service...
[   10.710311] systemd[1]: Created slice User and Session Slice.
[[0;32m  OK  [0m] Created slice User and Session Slice.
[   10.718665] systemd[1]: Reached target Slices.
[[0;32m  OK  [0m] Reached target Slices.
[   10.725661] systemd[1]: Mounted Huge Pages File System.
[[0;32m  OK  [0m] Mounted Huge Pages File System.
[   10.732304] systemd[1]: Mounted POSIX Message Queue File System.
[[0;32m  OK  [0m] Mounted POSIX Message Queue File System.
[   10.740694] systemd[1]: Mounted Debug File System.
[[0;32m  OK  [0m] Mounted Debug File System.
[   10.746191] systemd[1]: Started Journal Service.
[[0;32m  OK  [0m] Started Journal Service.
[[0;32m  OK  [0m] Started Uncomplicated firewall.
[[0;32m  OK  [0m] Started File System Check on Root Device.
[[0;32m  OK  [0m] Started Set console keymap.
[[0;32m  OK  [0m] Started Create list of required sta...ce nodes for the current kernel.
[[0;32m  OK  [0m] Started File System Check Daemon to report status.
[   10.787509] iscsi: registered transport (iser)
[[0;32m  OK  [0m] Started LVM2 metadata daemon.
         Starting Create Static Device Nodes in /dev...
         Starting Remount Root and Kernel File Systems...
[[0;32m  OK  [0m] Started Load Kernel Modules.
[[0;32m  OK  [0[   10.807690] EXT4-fs (sda1): re-mounted. Opts: (null)
m] Started Nameserver information manager.
[[0;32m  OK  [0m] Started Remount Root and Kernel File Systems.
[[0;32m  OK  [0m] Started Create Static Device Nodes in /dev.
         Starting udev Kernel Device Manager...
         Starting Flush Journal to Persistent Storage...
         Starting Load/Save Random Seed...
         Starting udev Coldplug all Devices...
         Mounting FUSE Control File System...
         Starting Apply Kernel Variables...
[[0;32m  OK  [0m] Mounted FUSE Control File System.
[[0;32m  OK  [0m] Started Load/Save Random Seed.
[[0;32m  OK  [0m] Started udev Kernel Device Manager.
[[0;32m  OK  [0m] Started Apply Kernel Variables.
[[0;32m  OK  [0m] Started Flush Journal to Persistent Storage.
[[0;32m  OK  [0m] Started udev Coldplug all Devices.
[[0;32m  OK  [0m] Started Dispatch Password Requests to Console Directory Watch.
[[0;32m  OK  [0m] Started Monitoring of LVM2 mirrors,...ng dmeventd or progress polling.
[[0;32m  OK  [0m] Reached target Local File Systems (Pre).
[[0;32m  OK  [0m] Reached target Local File Systems.
         Starting Create Volatile Files and Directories...
         Starting Set console font and keymap...
         Starting Initial cloud-init job (pre-networking)...
         Starting Tell Plymouth To Write Out Runtime Data...
         Starting LSB: AppArmor initialization...
         Starting Commit a transient machine-id on disk...
[[0;32m  OK  [0m] Started Create Volatile Files and Directories.
[[0;32m  OK  [0m] Started Tell Plymouth To Write Out Runtime Data.
         Starting Update UTMP about System Boot/Shutdown...
[[0;32m  OK  [0m] Started Commit a transient machine-id on disk.
[[0;32m  OK  [0m] Started Update UTMP about System Boot/Shutdown.
[[0;32m  OK  [0m] Found device /dev/ttyS0.
[[0;32m  OK  [0m] Listening on Load/Save RF Kill Switch Status /dev/rfkill Watch.
[[0;32m  OK  [0m] Started LSB: AppArmor initialization.
[   12.134290] cloud-init[489]: Cloud-init v. 21.1-19-gbad84ad4-0ubuntu1~16.04.2 running 'init-local' at Mon, 16 Jan 2023 14:46:28 +0000. Up 11.87 seconds.
         Starting Load AppArmor profiles managed internally by snapd...
[[0;32m  OK  [0m] Started Initial cloud-init job (pre-networking).
[[0;32m  OK  [0m] Started Load AppArmor profiles managed internally by snapd.
[[0;32m  OK  [0m] Reached target Network (Pre).
         Starting Raise network interfaces...
[[0;32m  OK  [0m] Started Set console font and keymap.
[[0;32m  OK  [0m] Created slice system-getty.slice.
[[0;32m  OK  [0m] Started Raise network interfaces.
[[0;32m  OK  [0m] Reached target Network.
         Starting Initial cloud-init job (metadata service crawler)...
[   13.551732] cloud-init[938]: Cloud-init v. 21.1-19-gbad84ad4-0ubuntu1~16.04.2 running 'init' at Mon, 16 Jan 2023 14:46:29 +0000. Up 13.15 seconds.
[   13.557502] cloud-init[938]: ci-info: ++++++++++++++++++++++++++++++++++++++Net device info+++++++++++++++++++++++++++++++++++++++
[   13.563114] cloud-init[938]: ci-info: +--------+-------+----------------------------+---------------+--------+-------------------+
[   13.568890] cloud-init[938]: ci-info: | Device |   Up  |          Address           |      Mask     | Scope  |     Hw-Address    |
[   13.574484] cloud-init[938]: ci-info: +--------+-------+----------------------------+---------------+--------+-------------------+
[[0;32m  OK  [0m[   13.580529] cloud-init[938]: ci-info: | enp0s3 |  True |         10.0.2.15          | 255.255.255.0 | global | 02:be:82:6b:cc:1d |
[   13.581257] cloud-init[938]: ci-info: | enp0s3 |  True | fe80::be:82ff:fe6b:cc1d/64 |       .       |  link  | 02:be:82:6b:cc:1d |
[   13.581555] cloud-init[938]: ci-info: | enp0s8 | False |             .              |       .       |   .    | 08:00:27:b1:14:03 |
[   13.581761] cloud-init[938]: ci-info: |   lo   |  True |         127.0.0.1          |   255.0.0.0   |  host  |         .         |
[   13.582038] cloud-init[938]: ci-info: |   lo   |  True |          ::1/128           |       .       |  host  |         .         |
[   13.582210] cloud-init[938]: ci-info: +--------+-------+----------------------------+---------------+--------+-------------------+
[   13.582417] cloud-init[938]: ci-info: +++++++++++++++++++++++++++Route IPv4 info++++++++++++++++++++++++++++
[   13.582627] cloud-init[938]: ci-info: +-------+-------------+----------+---------------+-----------+-------+
[   13.582835] cloud-init[938]: ci-info: | Route | Destination | Gateway  |    Genmask    | Interface | Flags |
[   13.583069] cloud-init[938]: ci-info: +-------+-------------+----------+---------------+-----------+-------+
[   13.583266] cloud-init[938]: ci-info: |   0   |   0.0.0.0   | 10.0.2.2 |    0.0.0.0    |   enp0s3  |   UG  |
[   13.583474] cloud-init[938]: ci-info: |   1   |   10.0.2.0  | 0.0.0.0  | 255.255.255.0 |   enp0s3  |   U   |
[   13.583688] cloud-init[938]: ci-info: +-------+-------------+----------+---------------+-----------+-------+
[   13.583896] cloud-init[938]: ci-info: +++++++++++++++++++Route IPv6 info+++++++++++++++++++
[   13.584352] cloud-init[938]: ci-info: +-------+-------------+---------+-----------+-------+
[   13.584555] cloud-init[938]: ci-info: | Route | Destination | Gateway | Interface | Flags |
[   13.584763] cloud-init[938]: ci-info: +-------+-------------+---------+-----------+-------+
[   13.585003] cloud-init[938]: ci-info: |   0   |  fe80::/64  |    ::   |   enp0s3  |   U   |
[   13.585201] cloud-init[938]: ci-info: |   3   |   ff00::/8  |    ::   |   enp0s3  |   U   |
[   13.585400] cloud-init[938]: ci-info: +-------+-------------+---------+-----------+-------+
[   13.585610] cloud-init[938]: Generating public/private rsa key pair.
[   13.585887] cloud-init[938]: Your identification has been saved in /etc/ssh/ssh_host_rsa_key.
[   13.586132] cloud-init[938]: Your public key has been saved in /etc/ssh/ssh_host_rsa_key.pub.
[   13.586345] cloud-init[938]: The key fingerprint is:
[   13.586588] cloud-init[938]: SHA256:Wy2S1b4MGWnH5DoKS2EcXll7CEjXZLEW2Wj+Hcf5MlI root@ubuntu-xenial
[   13.586784] cloud-init[938]: The key's randomart image is:
[   13.587000] cloud-init[938]: +---[RSA 2048]----+
[   13.587208] cloud-init[938]: |     .o.+=*=.    |
[   13.587413] cloud-init[938]: |     o.+.o=@.    |
[   13.587620] cloud-init[938]: |      =  oX *  ..|
[   13.587837] cloud-init[938]: |     . . =.O  E.o|
[   13.588043] cloud-init[938]: |      o S B.oo o.|
[   13.588625] cloud-init[938]: |     . o = =o.+ .|
[   13.588841] cloud-init[938]: |      . o   o. o |
[   13.589062] cloud-init[938]: |                 |
[   13.589262] cloud-init[938]: |                 |
[   13.589493] cloud-init[938]: +----[SHA256]-----+
[   13.589708] cloud-init[938]: Generating public/private dsa key pair.
[   13.589963] cloud-init[938]: Your identification has been saved in /etc/ssh/ssh_host_dsa_key.
[   13.590182] cloud-init[938]: Your public key has been saved in /etc/ssh/ssh_host_dsa_key.pub.
[   13.590420] cloud-init[938]: The key fingerprint is:
[   13.590627] cloud-init[938]: SHA256:o9xt3RCn0UMXmb37Jy2CykjlTRgMrKHRG6r+WRHc5g0 root@ubuntu-xenial
[   13.590841] cloud-init[938]: The key's randomart image is:
[   13.591035] cloud-init[938]: +---[DSA 1024]----+
[   13.591238] cloud-init[938]: |   . ..       ..*|
[   13.591443] cloud-init[938]: |  . = oo     o +.|
[   13.591648] cloud-init[938]: |   + B Eo   o + .|
[   13.591865] cloud-init[938]: |  o o + oo   = o |
[   13.592200] cloud-init[938]: | .   . .S.. o   .|
[   13.592313] cloud-init[938]: |.    ..= = . o . |
[   13.592533] cloud-init[938]: |.    .+ o +.. ...|
[   13.592772] cloud-init[938]: | .  o. o .. . o +|
[   13.593029] cloud-init[938]: |  .o  . o.   . o.|
[   13.593237] cloud-init[938]: +----[SHA256]-----+
[   13.593442] cloud-init[938]: Generating public/private ecdsa key pair.
[   13.593658] cloud-init[938]: Your identification has been saved in /etc/ssh/ssh_host_ecdsa_key.
[   13.593897] cloud-init[938]: Your public key has been saved in /etc/ssh/ssh_host_ecdsa_key.pub.
[   13.594080] cloud-init[938]: The key fingerprint is:
[   13.594289] cloud-init[938]: SHA256:aFYDKCnoOMnC9IbcxMSs9TqrnrsfjBl6e6qD3KJATFs root@ubuntu-xenial
[   13.594498] cloud-init[938]: The key's randomart image is:
[   13.594720] cloud-init[938]: +---[ECDSA 256]---+
[   13.594926] cloud-init[938]: |. =o ..          |
[   13.595130] cloud-init[938]: |o.o*.  .         |
[   13.595340] cloud-init[938]: |B+BE.   o        |
[   13.595548] cloud-init[938]: |BBo+ . o .       |
[   13.648291] cloud-init[938]: |.*. . + S        |
[   13.648532] cloud-init[938]: |o =o o           |
[   13.648736] cloud-init[938]: |=oooo            |
[   13.648941] cloud-init[938]: |++.+o            |
[   13.649154] cloud-init[938]: |=OO+             |
[   13.649366] cloud-init[938]: +----[SHA256]-----+
[   13.649573] cloud-init[938]: Generating public/private ed25519 key pair.
[   13.649783] cloud-init[938]: Your identification has been saved in /etc/ssh/ssh_host_ed25519_key.
[   13.650001] cloud-init[938]: Your public key has been saved in /etc/ssh/ssh_host_ed25519_key.pub.
[   13.650267] cloud-init[938]: The key fingerprint is:
[   13.650518] cloud-init[938]: SHA256:Skod1Fom+q1/3wu/ti/MxIPb58aTliAvkAERqfkpMOw root@ubuntu-xenial
[   13.650796] cloud-init[938]: The key's randomart image is:
[   13.651028] cloud-init[938]: +--[ED25519 256]--+
[   13.651228] cloud-init[938]: |      .++        |
[   13.651443] cloud-init[938]: |     ..o+        |
[   13.651741] cloud-init[938]: |  .  .+=.        |
[   13.651850] cloud-init[938]: |   +.+.. .       |
[   13.652357] cloud-init[938]: |  . +.+.S o  o   |
[   13.652513] cloud-init[938]: |   E +.+.o ...+  |
[   13.652721] cloud-init[938]: |    . o.  . +*.oo|
[   13.652928] cloud-init[938]: |      .   ...=*=+|
[   13.653142] cloud-init[938]: |       ... .o.BX+|
[   13.653382] cloud-init[938]: +----[SHA256]-----+
] Started Initial cloud-init job (metadata service crawler).
[[0;32m  OK  [0m] Reached target Network is Online.
         Starting iSCSI initiator daemon (iscsid)...
[[0;32m  OK  [0m] Reached target Cloud-config availability.
[[0;32m  OK  [0m] Reached target System Initialization.
[[0;32m  OK  [0m] Listening on UUID daemon activation socket.
[[0;32m  OK  [0m] Listening on ACPID Listen Socket.
[[0;32m  OK  [0m] Started Daily apt download activities.
[[0;32m  OK  [0m] Started Daily apt upgrade and clean activities.
[[0;32m  OK  [0m] Started Ubuntu Advantage update messaging.
         Starting LXD - unix socket.
[[0;32m  OK  [0m] Started Daily Cleanup of Temporary Directories.
[[0;32m  OK  [0m] Started ACPI Events Check.
[[0;32m  OK  [0m] Reached target Paths.
[[0;32m  OK  [0m] Listening on D-Bus System Message Bus Socket.
[[0;32m  OK  [0m] Started Message of the Day.
[[0;32m  OK  [0m] Reached target Timers.
         Starting Socket activation for snappy daemon.
[[0;32m  OK  [0m] Listening on LXD - unix socket.
[[0;32m  OK  [0m] Listening on Socket activation for snappy daemon.
[[0;32m  OK  [0m] Started iSCSI initiator daemon (iscsid).
         Starting Login to default iSCSI targets...
[[0;32m  OK  [0m] Reached target Sockets.
[[0;32m  OK  [0m] Reached target Basic System.
[[0;32m  OK  [0m] Started ACPI event daemon.
         Starting Pollinate to seed the pseudo random number generator...
         Starting Virtualbox guest utils...
[[0;32m  OK  [0m] Started FUSE filesystem for LXC.
[[0;32m  OK  [0m] Started Deferred execution scheduler.
         Starting LXD - container startup/shutdown...
         Starting Accounts Service...
         Starting LSB: MD monitoring daemon...
[[0;32m  OK  [0m] Started D-Bus System Message Bus.
[[0;32m  OK  [0m] Started Regular background program processing daemon.
         Starting Login Service...
         Starting System Logging Service...
         Starting /etc/rc.local Compatibility...
         Starting Snap Daemon...
         Starting LSB: Record successful boot for GRUB...
[[0;32m  OK  [0m] Started /etc/rc.local Compatibility.
[[0;32m  OK  [0m] Started Login Service.
[[0;32m  OK  [0m] Started Unattended Upgrades Shutdown.
[[0;32m  OK  [0m] Started LSB: MD monitoring daemon.
[[0;32m  OK  [0m] Started Login to default iSCSI targets.
[[0;32m  OK  [0m] Reached target Remote File Systems (Pre).
[[0;32m  OK  [0m] Reached target Remote File Systems.
         Starting LSB: Set the CPU Frequency Scaling governor to "ondemand"...
         Starting LSB: daemon to balance interrupts for SMP systems...
         Starting Permit User Sessions...
         Starting LSB: automatic crash report generation...
[[0;32m  OK  [0m] Started Permit User Sessions.
         Starting Terminate Plymouth Boot Screen...
         Starting Hold until boot process finishes up...
[[0;32m  OK  [0m] Started System Logging Service.
[[0;32m  OK  [0m] Started Terminate Plymouth Boot Screen.
[[0;32m  OK  [0m] Started Hold until boot process finishes up.
[[0;32m  OK  [0m] Started Getty on tty1.
         Starting Set console scheme...
[[0;32m  OK  [0m] Started Serial Getty on ttyS0.
[[0;32m  OK  [0m] Reached target Login Prompts.
[[0;32m  OK  [0m] Started LSB: Record successful boot for GRUB.
[[0;32m  OK  [0m] Started Set console scheme.
[[0;32m  OK  [0m] Started LSB: Set the CPU Frequency Scaling governor to "ondemand".
         Starting Authenticate and Authorize Users to Run Privileged Tasks...
[[0;32m  OK  [0m] Started LSB: automatic crash report generation.
[[0;32m  OK  [0m] Started LSB: daemon to balance interrupts for SMP systems.
[[0;32m  OK  [0m] Started LXD - container startup/shutdown.
[[0;32m  OK  [0m] Started Authenticate and Authorize Users to Run Privileged Tasks.
[[0;32m  OK  [0m] Started Accounts Service.
[[0;32m  OK  [0m] Started Virtualbox guest utils.
[[0;32m  OK  [0m] Started Snap Daemon.
         Starting Wait until snapd is fully seeded...
[[0;32m  OK  [0m] Started Pollinate to seed the pseudo random number generator.
         Starting OpenBSD Secure Shell server...
[[0;32m  OK  [0m] Started OpenBSD Secure Shell server.
[[0;32m  OK  [0m] Started Wait until snapd is fully seeded.
[[0;32m  OK  [0m] Reached target Multi-User System.
[[0;32m  OK  [0m] Reached target Graphical Interface.
         Starting Update UTMP about System Runlevel Changes...
         Starting Apply the settings specified in cloud-config...
[[0;32m  OK  [0m] Started Update UTMP about System Runlevel Changes.
[   15.763370] cloud-init[1279]: Generating locales (this might take a while)...
[   16.512450] cloud-init[1279]:   en_US.UTF-8... done
[   16.514991] cloud-init[1279]: Generation complete.
[   16.762990] cloud-init[1279]: Cloud-init v. 21.1-19-gbad84ad4-0ubuntu1~16.04.2 running 'modules:config' at Mon, 16 Jan 2023 14:46:31 +0000. Up 15.69 seconds.
[[0;32m  OK  [0m] Started Apply the settings specified in cloud-config.
         Starting Execute cloud user/final scripts...
ci-info: no authorized SSH keys fingerprints found for user ubuntu.
<14>Jan 16 14:46:33 ec2: 
<14>Jan 16 14:46:33 ec2: #############################################################
<14>Jan 16 14:46:33 ec2: -----BEGIN SSH HOST KEY FINGERPRINTS-----
<14>Jan 16 14:46:33 ec2: 1024 SHA256:o9xt3RCn0UMXmb37Jy2CykjlTRgMrKHRG6r+WRHc5g0 root@ubuntu-xenial (DSA)
<14>Jan 16 14:46:33 ec2: 256 SHA256:aFYDKCnoOMnC9IbcxMSs9TqrnrsfjBl6e6qD3KJATFs root@ubuntu-xenial (ECDSA)
<14>Jan 16 14:46:33 ec2: 256 SHA256:Skod1Fom+q1/3wu/ti/MxIPb58aTliAvkAERqfkpMOw root@ubuntu-xenial (ED25519)
<14>Jan 16 14:46:33 ec2: 2048 SHA256:Wy2S1b4MGWnH5DoKS2EcXll7CEjXZLEW2Wj+Hcf5MlI root@ubuntu-xenial (RSA)
<14>Jan 16 14:46:33 ec2: -----END SSH HOST KEY FINGERPRINTS-----
<14>Jan 16 14:46:33 ec2: #############################################################
-----BEGIN SSH HOST KEY KEYS-----
ecdsa-sha2-nistp256 AAAAE2VjZHNhLXNoYTItbmlzdHAyNTYAAAAIbmlzdHAyNTYAAABBBLDze8xp1dtzgA3cpjENmfF58kROFSowKdFSjJCn2/dpZg+cbL9Simk0/0daWXp3Rb1MPTLuC4kubHNwPUreD5c= root@ubuntu-xenial
ssh-ed25519 AAAAC3NzaC1lZDI1NTE5AAAAINyFsAT1P/X2Iy8XrFTV9VuC1j6TOYY9C7F/3DMbCG2O root@ubuntu-xenial
ssh-rsa AAAAB3NzaC1yc2EAAAADAQABAAABAQCid5ylr/sZUMJZ362wkdWNhyUxfBUnYptRudp5ty7VhQhqX/hHQx52dJq+DjIjJwdo8a2aGEANArz+uxuVGd/HZR6lGS67yokax5ykZ25X8r242Nq08t0PgOyuop4n+VdcjB5RqAon+2wy7dMkmAezjErsXtlGC6ZJf7MFPINMPWrnO9YKDRYqDsKw8APwooVV3l2dvWtRjbuVJkTdk93WuY1s+3sP69SS66hXPjn+pt958kdn5eFyS3qf77snAYnxUgR+V7/bZKbSg2UoS5YruzPemMSsWnCXMWB9aTP6kse4lodXLmhIeu2yfzVkYHq2Zy8c0yT3edKgHoRuazRP root@ubuntu-xenial
-----END SSH HOST KEY KEYS-----
[   17.108643] cloud-init[1321]: Cloud-init v. 21.1-19-gbad84ad4-0ubuntu1~16.04.2 running 'modules:final' at Mon, 16 Jan 2023 14:46:33 +0000. Up 16.98 seconds.
[   17.121109] cloud-init[1321]: ci-info: no authorized SSH keys fingerprints found for user ubuntu.
[   17.127083] cloud-init[1321]: Cloud-init v. 21.1-19-gbad84ad4-0ubuntu1~16.04.2 finished at Mon, 16 Jan 2023 14:46:33 +0000. Datasource DataSourceNoCloud [seed=/dev/sdb][dsmode=net].  Up 17.10 seconds
[[0;32m  OK  [0m] Started Execute cloud user/final scripts.
[[0;32m  OK  [0m] Reached target Cloud-init target.

Ubuntu 16.04.7 LTS ubuntu-xenial ttyS0

ubuntu-xenial login: 